0 info it worked if it ends with ok
1 verbose cli [ '/usr/bin/nodejs',
1 verbose cli   '/usr/bin/npm',
1 verbose cli   'login',
1 verbose cli   '--registry=https://npm.pkg.github.com/' ]
2 info using npm@1.3.10
3 info using node@v0.10.25
4 verbose adduser before first PUT { name: 'voron969',
4 verbose adduser   salt: 'XXXXX',
4 verbose adduser   password_sha: 'XXXXX',
4 verbose adduser   email: 'voron969an@gmail.com',
4 verbose adduser   _id: 'org.couchdb.user:voron969',
4 verbose adduser   type: 'user',
4 verbose adduser   roles: [],
4 verbose adduser   date: '2020-10-13T02:19:19.428Z' }
5 verbose url raw /-/user/org.couchdb.user:voron969
6 verbose url resolving [ 'https://npm.pkg.github.com/',
6 verbose url resolving   './-/user/org.couchdb.user:voron969' ]
7 verbose url resolved https://npm.pkg.github.com/-/user/org.couchdb.user:voron969
8 info trying registry request attempt 1 at 21:19:19
9 http PUT https://npm.pkg.github.com/-/user/org.couchdb.user:voron969
10 info retry will retry, error on last attempt: Error: CERT_UNTRUSTED
11 info trying registry request attempt 2 at 21:19:29
12 http PUT https://npm.pkg.github.com/-/user/org.couchdb.user:voron969
13 info retry will retry, error on last attempt: Error: CERT_UNTRUSTED
14 info trying registry request attempt 3 at 21:20:29
15 http PUT https://npm.pkg.github.com/-/user/org.couchdb.user:voron969
16 verbose adduser back [ [Error: CERT_UNTRUSTED], undefined, undefined ]
17 error Error: CERT_UNTRUSTED
17 error     at SecurePair.<anonymous> (tls.js:1370:32)
17 error     at SecurePair.EventEmitter.emit (events.js:92:17)
17 error     at SecurePair.maybeInitFinished (tls.js:982:10)
17 error     at CleartextStream.read [as _read] (tls.js:469:13)
17 error     at CleartextStream.Readable.read (_stream_readable.js:320:10)
17 error     at EncryptedStream.write [as _write] (tls.js:366:25)
17 error     at doWrite (_stream_writable.js:223:10)
17 error     at writeOrBuffer (_stream_writable.js:213:5)
17 error     at EncryptedStream.Writable.write (_stream_writable.js:180:11)
17 error     at write (_stream_readable.js:583:24)
18 error If you need help, you may report this log at:
18 error     <http://github.com/isaacs/npm/issues>
18 error or email it to:
18 error     <npm-@googlegroups.com>
19 error System Linux 3.13.0-164-generic
20 error command "/usr/bin/nodejs" "/usr/bin/npm" "login" "--registry=https://npm.pkg.github.com/"
21 error cwd /root/temp3/voron969/mag_yotube
22 error node -v v0.10.25
23 error npm -v 1.3.10
24 verbose exit [ 1, true ]
